<?xml version="1.0" encoding="UTF-8"?>
<!-- Generated by org.testng.reporters.JUnitReportReporter -->
<testsuite hostname="laugh-tale" failures="0" tests="2" name="com.juaracoding.mobiledemo.AppTesting" time="80.403" errors="0" timestamp="2022-02-11T16:43:20 WIB" skipped="0">
  <testcase classname="com.juaracoding.mobiledemo.AppTesting" name="test02CheckoutProduct" time="44.766"/>
  <system-out/>
  <testcase classname="com.juaracoding.mobiledemo.AppTesting" name="test01SearchFunction" time="35.637"/>
  <system-out/>
</testsuite> <!-- com.juaracoding.mobiledemo.AppTesting -->
